Build started 10/4/2011 12:43:57 PM.
     1>Project "D:\Users\Michael\Documents\Visual Studio 2010\Projects\directx-game-engine\directx-game-engine\directx-game-engine.vcxproj" on node 2 (build target(s)).
     1>InitializeBuildStatus:
         Touching "Release\directx-game-engine.unsuccessfulbuild".
       ClCompile:
         C:\Program Files (x86)\Microsoft Visual Studio 10.0\VC\bin\CL.exe /c /Zi /nologo /W3 /WX- /O2 /Oi /Oy- /GL /D WIN32 /D NDEBUG /D _WINDOWS /D _UNICODE /D UNICODE /Gm- /EHsc /MD /GS /Gy /fp:precise /Zc:wchar_t /Zc:forScope /Fo"Release\\" /Fd"Release\vc100.pdb" /Gd /TP /analyze- /errorReport:prompt DXDrawing.cpp font\GameFonts.cpp GameModes.cpp sprites\CharacterSprite.cpp sprites\GameSprite.cpp GameWindow.cpp WinMain.cpp input\XGamePad.cpp
         DXDrawing.cpp
     1>d:\users\michael\documents\visual studio 2010\projects\directx-game-engine\directx-game-engine\GameHeaders.h(11): fatal error C1083: Cannot open include file: 'D3DX10.h': No such file or directory
         GameFonts.cpp
     1>d:\users\michael\documents\visual studio 2010\projects\directx-game-engine\directx-game-engine\font\../GameHeaders.h(11): fatal error C1083: Cannot open include file: 'D3DX10.h': No such file or directory
         GameModes.cpp
     1>d:\users\michael\documents\visual studio 2010\projects\directx-game-engine\directx-game-engine\GameHeaders.h(11): fatal error C1083: Cannot open include file: 'D3DX10.h': No such file or directory
         CharacterSprite.cpp
     1>d:\users\michael\documents\visual studio 2010\projects\directx-game-engine\directx-game-engine\sprites\..\GameHeaders.h(11): fatal error C1083: Cannot open include file: 'D3DX10.h': No such file or directory
         GameSprite.cpp
     1>d:\users\michael\documents\visual studio 2010\projects\directx-game-engine\directx-game-engine\sprites\..\GameHeaders.h(11): fatal error C1083: Cannot open include file: 'D3DX10.h': No such file or directory
         GameWindow.cpp
     1>d:\users\michael\documents\visual studio 2010\projects\directx-game-engine\directx-game-engine\GameHeaders.h(11): fatal error C1083: Cannot open include file: 'D3DX10.h': No such file or directory
         WinMain.cpp
     1>d:\users\michael\documents\visual studio 2010\projects\directx-game-engine\directx-game-engine\GameHeaders.h(11): fatal error C1083: Cannot open include file: 'D3DX10.h': No such file or directory
         XGamePad.cpp
     1>d:\users\michael\documents\visual studio 2010\projects\directx-game-engine\directx-game-engine\input\..\GameHeaders.h(11): fatal error C1083: Cannot open include file: 'D3DX10.h': No such file or directory
     1>Done Building Project "D:\Users\Michael\Documents\Visual Studio 2010\Projects\directx-game-engine\directx-game-engine\directx-game-engine.vcxproj" (build target(s)) -- FAILED.

Build FAILED.

Time Elapsed 00:00:01.72
